TN:
SF:/home/fernanda/workdev/vue-bulma/src/components/Form.vue
FN:12,(anonymous_0)
FN:15,(anonymous_1)
FNF:2
FNH:1
FNDA:0,(anonymous_0)
FNDA:4,(anonymous_1)
DA:12,0
DA:15,4
LF:2
LH:1
BRF:0
BRH:0
end_of_record
TN:
SF:/home/fernanda/workdev/vue-bulma/src/components/Input.vue
FNF:0
FNH:0
LF:0
LH:0
BRF:0
BRH:0
end_of_record
TN:
SF:/home/fernanda/workdev/vue-bulma/src/mixins/Control.vue
FNF:0
FNH:0
DA:7,7
DA:13,0
DA:15,0
DA:16,0
DA:20,0
LF:5
LH:1
BRDA:15,0,0,0
BRDA:15,0,1,0
BRF:2
BRH:0
end_of_record
TN:
SF:/home/fernanda/workdev/vue-bulma/src/components/Select.vue
FNF:0
FNH:0
LF:0
LH:0
BRF:0
BRH:0
end_of_record
TN:
SF:/home/fernanda/workdev/vue-bulma/src/components/Button.vue
FNF:0
FNH:0
LF:0
LH:0
BRF:0
BRH:0
end_of_record
TN:
SF:/home/fernanda/workdev/vue-bulma/src/components/Grid.vue
FNF:0
FNH:0
LF:0
LH:0
BRF:0
BRH:0
end_of_record
TN:
SF:/home/fernanda/workdev/vue-bulma/src/components/Hero.vue
FNF:0
FNH:0
LF:0
LH:0
BRF:0
BRH:0
end_of_record
TN:
SF:/home/fernanda/workdev/vue-bulma/src/components/Modal.vue
FNF:0
FNH:0
DA:26,0
DA:32,0
DA:35,0
LF:3
LH:0
BRF:0
BRH:0
end_of_record
TN:
SF:/home/fernanda/workdev/vue-bulma/src/components/Panel.vue
FNF:0
FNH:0
DA:24,0
DA:30,0
DA:33,0
LF:3
LH:0
BRF:0
BRH:0
end_of_record
TN:
SF:/home/fernanda/workdev/vue-bulma/src/components/Section.vue
FNF:0
FNH:0
LF:0
LH:0
BRF:0
BRH:0
end_of_record
TN:
SF:/home/fernanda/workdev/vue-bulma/src/layouts/Main.vue
FNF:0
FNH:0
LF:0
LH:0
BRF:0
BRH:0
end_of_record
TN:
SF:/home/fernanda/workdev/vue-bulma/src/router/index.js
FNF:0
FNH:0
DA:8,1
LF:1
LH:1
BRF:0
BRH:0
end_of_record
TN:
SF:/home/fernanda/workdev/vue-bulma/src/views/Person.vue
FN:70,(anonymous_0)
FN:81,(anonymous_1)
FNF:2
FNH:0
FNDA:0,(anonymous_0)
FNDA:0,(anonymous_1)
DA:57,0
DA:70,0
DA:75,0
DA:76,0
DA:77,0
DA:81,0
DA:82,0
DA:85,0
DA:86,0
DA:89,0
LF:10
LH:0
BRDA:70,0,0,0
BRDA:70,0,1,0
BRDA:75,1,0,0
BRDA:75,1,1,0
BRDA:75,2,0,0
BRDA:75,2,1,0
BRDA:75,2,2,0
BRF:7
BRH:0
end_of_record
